<?xml version="1.0" encoding="UTF-8"?>
<!-- Generated by org.testng.reporters.JUnitXMLReporter -->
<testsuite hostname="MLI8WIN7PLP" ignored="0" name="ABM Newsletter Test" tests="1" failures="1" timestamp="18 Apr 2018 12:32:53 GMT" time="0.031" errors="0">
  <testcase name="testNG" time="0.0" classname="com.abm.newsletter.ExecClass">
    <failure type="java.io.FileNotFoundException" message="F:\ABM\Automation\R2\ABM_NL_Master_R2.xls (The system cannot find the file specified)">
      <![CDATA[java.io.FileNotFoundException: F:\ABM\Automation\R2\ABM_NL_Master_R2.xls (The system cannot find the file specified)
	at java.io.FileInputStream.open0(Native Method)
	at java.io.FileInputStream.open(Unknown Source)
	at java.io.FileInputStream.<init>(Unknown Source)
	at com.abm.newsletter.ExecClass.testNG(ExecClass.java:22)
	at java.util.concurrent.FutureTask.run(Unknown Source)
	at java.util.concurrent.ThreadPoolExecutor.runWorker(Unknown Source)
	at java.util.concurrent.ThreadPoolExecutor$Worker.run(Unknown Source)
	at java.lang.Thread.run(Unknown Source)
... Removed 16 stack frames]]>
    </failure>
  </testcase> <!-- testNG -->
</testsuite> <!-- ABM Newsletter Test -->
