<?xml version="1.0" encoding="UTF-8"?>
<testng-results skipped="0" failed="0" ignored="0" total="1" passed="1">
  <reporter-output>
  </reporter-output>
  <suite name="Default suite" duration-ms="21577" started-at="2018-11-23T06:51:30Z" finished-at="2018-11-23T06:51:52Z">
    <groups>
    </groups>
    <test name="Default test" duration-ms="21577" started-at="2018-11-23T06:51:30Z" finished-at="2018-11-23T06:51:52Z">
      <class name="com.birst.ExecutionClass">
        <test-method status="PASS" signature="testNG()[pri:0, instance:com.birst.ExecutionClass@3aeaafa6]" name="testNG" duration-ms="21562" started-at="2018-11-23T06:51:30Z" finished-at="2018-11-23T06:51:52Z">
          <reporter-output>
          </reporter-output>
        </test-method> <!-- testNG -->
      </class> <!-- com.birst.ExecutionClass -->
    </test> <!-- Default test -->
  </suite> <!-- Default suite -->
</testng-results>
